<?xml version="1.0" encoding="UTF-8"?>
<!-- Generated by org.testng.reporters.JUnitXMLReporter -->
<testsuite ignored="0" hostname="OCT-JULIEN" failures="0" tests="7" name="Default test" time="14.215" errors="0" timestamp="2022-07-26T15:00:28 WAT">
  <testcase classname="alphaTests.LoginTest" name="ValidateWrongUsernameAndWrongPassword" time="1.551"/>
  <testcase classname="alphaTests.LoginTest" name="ValidateWrongUsernameAndValidPassword" time="1.595"/>
  <testcase classname="alphaTests.LoginTest" name="ValidateValidUsernameAndWrongPassword" time="0.793"/>
  <testcase classname="alphaTests.LoginTest" name="ValidatewrongUsernameAndEmptyPassword" time="0.759"/>
  <testcase classname="alphaTests.LoginTest" name="ValidateEmptyUsernameAndWrongPassword" time="0.435"/>
  <testcase classname="alphaTests.LoginTest" name="ValidateEmptyUsernameAndEmptyPassword" time="0.232"/>
  <testcase classname="alphaTests.LoginTest" name="validateValidCredentials" time="1.468"/>
</testsuite> <!-- Default test -->
