<?xml version="1.0" encoding="UTF-8"?>
<!-- Generated by org.testng.reporters.JUnitXMLReporter -->
<testsuite ignored="0" hostname="OCT-JULIEN" failures="0" tests="7" name="Login Test" time="22.577" errors="0" timestamp="2022-07-20T15:36:52 WAT">
  <testcase classname="alphaTests.LoginTest" name="ValidateWrongUsernameAndWrongPassword" time="2.585"/>
  <testcase classname="alphaTests.LoginTest" name="ValidateWrongUsernameAndValidPassword" time="2.524"/>
  <testcase classname="alphaTests.LoginTest" name="ValidateValidUsernameAndWrongPassword" time="2.44"/>
  <testcase classname="alphaTests.LoginTest" name="ValidatewrongUsernameAndEmptyPassword" time="2.331"/>
  <testcase classname="alphaTests.LoginTest" name="ValidateEmptyUsernameAndWrongPassword" time="2.351"/>
  <testcase classname="alphaTests.LoginTest" name="ValidateEmptyUsernameAndEmptyPassword" time="0.143"/>
  <testcase classname="alphaTests.LoginTest" name="validateValidCredentials" time="3.419"/>
</testsuite> <!-- Login Test -->
